c:\users\johke\documents\development\game programming\students\joshua.kretschmar\us space force\framework\debug\vc141.pdb
c:\users\johke\documents\development\game programming\students\joshua.kretschmar\us space force\framework\debug\vc141.idb
c:\users\johke\documents\development\game programming\students\joshua.kretschmar\us space force\framework\debug\overlay.obj
c:\users\johke\documents\development\game programming\students\joshua.kretschmar\us space force\framework\debug\optionsmenu.obj
c:\users\johke\documents\development\game programming\students\joshua.kretschmar\us space force\framework\debug\menu.obj
c:\users\johke\documents\development\game programming\students\joshua.kretschmar\us space force\framework\debug\main.obj
c:\users\johke\documents\development\game programming\students\joshua.kretschmar\us space force\framework\debug\logmanager.obj
c:\users\johke\documents\development\game programming\students\joshua.kretschmar\us space force\framework\debug\levelupoverlay.obj
c:\users\johke\documents\development\game programming\students\joshua.kretschmar\us space force\framework\debug\inputhandler.obj
c:\users\johke\documents\development\game programming\students\joshua.kretschmar\us space force\framework\debug\iniparser.obj
c:\users\johke\documents\development\game programming\students\joshua.kretschmar\us space force\framework\debug\gameovererlay.obj
c:\users\johke\documents\development\game programming\students\joshua.kretschmar\us space force\framework\debug\game.obj
c:\users\johke\documents\development\game programming\students\joshua.kretschmar\us space force\framework\debug\explosion.obj
c:\users\johke\documents\development\game programming\students\joshua.kretschmar\us space force\framework\debug\entity.obj
c:\users\johke\documents\development\game programming\students\joshua.kretschmar\us space force\framework\debug\enemy.obj
c:\users\johke\documents\development\game programming\students\joshua.kretschmar\us space force\framework\debug\debris.obj
c:\users\johke\documents\development\game programming\students\joshua.kretschmar\us space force\framework\debug\completemenu.obj
c:\users\johke\documents\development\game programming\students\joshua.kretschmar\us space force\framework\debug\collectible.obj
c:\users\johke\documents\development\game programming\students\joshua.kretschmar\us space force\framework\debug\bullet.obj
c:\users\johke\documents\development\game programming\students\joshua.kretschmar\us space force\framework\debug\backbuffer.obj
c:\users\johke\documents\development\game programming\students\joshua.kretschmar\us space force\framework\debug\animatedsprite.obj
c:\users\johke\documents\development\game programming\students\joshua.kretschmar\us space force\framework\debug\texturemanager.obj
c:\users\johke\documents\development\game programming\students\joshua.kretschmar\us space force\framework\debug\texture.obj
c:\users\johke\documents\development\game programming\students\joshua.kretschmar\us space force\framework\debug\sprite.obj
c:\users\johke\documents\development\game programming\students\joshua.kretschmar\us space force\framework\debug\splash.obj
c:\users\johke\documents\development\game programming\students\joshua.kretschmar\us space force\framework\debug\scoreinput.obj
c:\users\johke\documents\development\game programming\students\joshua.kretschmar\us space force\framework\debug\scoremenu.obj
c:\users\johke\documents\development\game programming\students\joshua.kretschmar\us space force\framework\debug\pod.obj
c:\users\johke\documents\development\game programming\students\joshua.kretschmar\us space force\framework\debug\playership.obj
c:\users\johke\documents\development\game programming\students\joshua.kretschmar\us space force\framework\debug\pausemenu.obj
c:\users\johke\documents\development\game programming\students\joshua.kretschmar\us space force\framework\debug\particleemitter.obj
c:\users\johke\documents\development\game programming\students\joshua.kretschmar\us space force\framework\debug\particle.obj
c:\users\johke\documents\development\game programming\students\joshua.kretschmar\us space force\framework\debug\highscores.obj
c:\users\johke\documents\development\game programming\students\joshua.kretschmar\us space force\debug\framework.exe
c:\users\johke\documents\development\game programming\students\joshua.kretschmar\us space force\debug\framework.ilk
c:\users\johke\documents\development\game programming\students\joshua.kretschmar\us space force\debug\framework.pdb
c:\users\johke\documents\development\game programming\students\joshua.kretschmar\us space force\framework\debug\highscores.obj.enc
c:\users\johke\documents\development\game programming\students\joshua.kretschmar\us space force\framework\debug\framework.tlog\cl.command.1.tlog
c:\users\johke\documents\development\game programming\students\joshua.kretschmar\us space force\framework\debug\framework.tlog\cl.read.1.tlog
c:\users\johke\documents\development\game programming\students\joshua.kretschmar\us space force\framework\debug\framework.tlog\cl.write.1.tlog
c:\users\johke\documents\development\game programming\students\joshua.kretschmar\us space force\framework\debug\framework.tlog\link.command.1.tlog
c:\users\johke\documents\development\game programming\students\joshua.kretschmar\us space force\framework\debug\framework.tlog\link.read.1.tlog
c:\users\johke\documents\development\game programming\students\joshua.kretschmar\us space force\framework\debug\framework.tlog\link.write.1.tlog
